<?xml version="1.0" encoding="UTF-8"?>
<!-- Generated by org.testng.reporters.JUnitReportReporter -->
<testsuite hostname="DESKTOP-MTBJNQB" failures="0" tests="1" name="Practice.SeleniumCore.NewTest" time="44.664" errors="0" timestamp="2021-03-25T05:16:48 IST" skipped="0">
  <testcase classname="Practice.SeleniumCore.NewTest" name="firstTest" time="44.664"/>
  <system-out/>
</testsuite> <!-- Practice.SeleniumCore.NewTest -->
